<?xml version="1.0" encoding="UTF-8"?>
<!-- Generated by org.testng.reporters.JUnitReportReporter -->
<testsuite skipped="0" hostname="Dashmi-PC" name="restPractice.StaticJson" tests="1" failures="0" timestamp="08 May 2020 12:34:03 GMT" time="2.751" errors="0">
  <testcase name="addBook" time="2.751" classname="restPractice.StaticJson"/>
</testsuite> <!-- restPractice.StaticJson -->
