<?xml version="1.0" encoding="UTF-8"?>
<!-- Generated by org.testng.reporters.JUnitReportReporter -->
<testsuite skipped="0" hostname="Dashmi-PC" name="restPractice.LibraryAPI" tests="3" failures="0" timestamp="08 May 2020 12:33:36 GMT" time="3.006" errors="0">
  <testcase name="createBookDynamically" time="2.687" classname="restPractice.LibraryAPI"/>
  <testcase name="createBookDynamically" time="0.165" classname="restPractice.LibraryAPI"/>
  <testcase name="createBookDynamically" time="0.154" classname="restPractice.LibraryAPI"/>
</testsuite> <!-- restPractice.LibraryAPI -->
