<?xml version="1.0" encoding="UTF-8"?>
<!-- Generated by org.testng.reporters.JUnitReportReporter -->
<testsuite skipped="0" hostname="Dashmi-PC" name="restPractice.RestHttpMethods" tests="1" failures="0" timestamp="06 May 2020 12:51:38 GMT" time="5.229" errors="0">
  <testcase name="mapsApiFunctionality" time="5.229" classname="restPractice.RestHttpMethods"/>
</testsuite> <!-- restPractice.RestHttpMethods -->
